[0502/170951.337:ERROR:exception_handler_server.cc(524)] ConnectNamedPipe: 管道正在被关闭。 (0xE8)
[0510/173052.543:ERROR:exception_handler_server.cc(524)] ConnectNamedPipe: 管道正在被关闭。 (0xE8)
[0510/173252.530:ERROR:exception_handler_server.cc(524)] ConnectNamedPipe: 管道正在被关闭。 (0xE8)
[0510/173544.864:ERROR:exception_handler_server.cc(524)] ConnectNamedPipe: 管道正在被关闭。 (0xE8)
[0511/152818.418:ERROR:process_info.cc(343)] VirtualQueryEx: 拒绝访问。 (0x5)
[0511/152818.420:ERROR:process_info.cc(564)] ReadMemoryInfo failed
[0511/152818.449:ERROR:process_reader_win.cc(99)] process 180152 not found
[0511/152818.449:ERROR:exception_snapshot_win.cc(87)] thread ID 180220 not found in process
[0511/152818.449:WARNING:crash_report_exception_handler.cc(60)] ProcessSnapshotWin::Initialize failed
[0511/152818.450:ERROR:scoped_process_suspend.cc(38)] NtResumeProcess: 已尝试访问正在退出的过程。  (0xc000010a)
[0515/150300.904:ERROR:exception_handler_server.cc(524)] ConnectNamedPipe: 管道正在被关闭。 (0xE8)
[0516/100622.716:ERROR:exception_handler_server.cc(524)] ConnectNamedPipe: 管道正在被关闭。 (0xE8)
[0517/093252.313:ERROR:exception_handler_server.cc(524)] ConnectNamedPipe: 管道正在被关闭。 (0xE8)
[0517/095120.497:ERROR:exception_handler_server.cc(524)] ConnectNamedPipe: 管道正在被关闭。 (0xE8)
[0517/103835.579:ERROR:exception_handler_server.cc(524)] ConnectNamedPipe: 管道正在被关闭。 (0xE8)
[0517/153325.806:ERROR:exception_handler_server.cc(524)] ConnectNamedPipe: 管道正在被关闭。 (0xE8)
[0517/153414.478:ERROR:exception_handler_server.cc(524)] ConnectNamedPipe: 管道正在被关闭。 (0xE8)
[0517/160205.086:ERROR:exception_handler_server.cc(524)] ConnectNamedPipe: 管道正在被关闭。 (0xE8)
[0517/160336.608:ERROR:exception_handler_server.cc(524)] ConnectNamedPipe: 管道正在被关闭。 (0xE8)
[0517/171059.944:ERROR:exception_handler_server.cc(524)] ConnectNamedPipe: 管道正在被关闭。 (0xE8)
[0517/174349.653:ERROR:exception_handler_server.cc(524)] ConnectNamedPipe: 管道正在被关闭。 (0xE8)
[0517/180708.319:ERROR:exception_handler_server.cc(524)] ConnectNamedPipe: 管道正在被关闭。 (0xE8)
[0517/180928.683:ERROR:exception_handler_server.cc(524)] ConnectNamedPipe: 管道正在被关闭。 (0xE8)
[0517/181010.659:ERROR:exception_handler_server.cc(524)] ConnectNamedPipe: 管道正在被关闭。 (0xE8)
[0518/111029.487:ERROR:exception_handler_server.cc(524)] ConnectNamedPipe: 管道正在被关闭。 (0xE8)
[0518/112209.068:ERROR:exception_handler_server.cc(524)] ConnectNamedPipe: 管道正在被关闭。 (0xE8)
[0518/112538.674:ERROR:exception_handler_server.cc(524)] ConnectNamedPipe: 管道正在被关闭。 (0xE8)
[0518/112912.479:ERROR:exception_handler_server.cc(524)] ConnectNamedPipe: 管道正在被关闭。 (0xE8)
[0518/121215.534:ERROR:exception_handler_server.cc(524)] ConnectNamedPipe: 管道正在被关闭。 (0xE8)
[0518/121615.126:ERROR:exception_handler_server.cc(524)] ConnectNamedPipe: 管道正在被关闭。 (0xE8)
[0518/132909.322:ERROR:exception_handler_server.cc(524)] ConnectNamedPipe: 管道正在被关闭。 (0xE8)
[0518/150632.013:ERROR:exception_handler_server.cc(524)] ConnectNamedPipe: 管道正在被关闭。 (0xE8)
[0518/164929.957:ERROR:exception_handler_server.cc(524)] ConnectNamedPipe: 管道正在被关闭。 (0xE8)
